#
# There is insufficient memory for the Java Runtime Environment to continue.
# Native memory allocation (malloc) failed to allocate 1048576 bytes for AllocateHeap
# Possible reasons:
#   The system is out of physical RAM or swap space
#   The process is running with CompressedOops enabled, and the Java Heap may be blocking the growth of the native heap
# Possible solutions:
#   Reduce memory load on the system
#   Increase physical memory or swap space
#   Check if swap backing store is full
#   Decrease Java heap size (-Xmx/-Xms)
#   Decrease number of Java threads
#   Decrease Java thread stack sizes (-Xss)
#   Set larger code cache with -XX:ReservedCodeCacheSize=
#   JVM is running with Unscaled Compressed Oops mode in which the Java heap is
#     placed in the first 4GB address space. The Java Heap base address is the
#     maximum limit for the native heap growth. Please use -XX:HeapBaseMinAddress
#     to set the Java Heap base and to place the Java Heap above 4GB virtual address.
# This output file may be truncated or incomplete.
#
#  Out of Memory Error (allocation.cpp:44), pid=13888, tid=8788
#
# JRE version:  (17.0.6+10) (build )
# Java VM: OpenJDK 64-Bit Server VM (17.0.6+10, mixed mode, tiered, compressed oops, compressed class ptrs, parallel gc, windows-amd64)
# No core dump will be written. Minidumps are not enabled by default on client versions of Windows
#

---------------  S U M M A R Y ------------

Command Line: --add-modules=ALL-SYSTEM --add-opens=java.base/java.util=ALL-UNNAMED --add-opens=java.base/java.lang=ALL-UNNAMED --add-opens=java.base/sun.nio.fs=ALL-UNNAMED -Declipse.application=org.eclipse.jdt.ls.core.id1 -Dosgi.bundles.defaultStartLevel=4 -Declipse.product=org.eclipse.jdt.ls.core.product -Djava.import.generatesMetadataFilesAtProjectRoot=false -Dfile.encoding=utf8 -XX:+UseParallelGC -XX:GCTimeRatio=4 -XX:AdaptiveSizePolicyWeight=90 -Dsun.zip.disableMemoryMapping=true -Xmx1G -Xms100m -Xlog:disable -javaagent:c:\Users\IFTM\.vscode\extensions\redhat.java-1.16.0-win32-x64\lombok\lombok-1.18.24.jar -XX:+HeapDumpOnOutOfMemoryError -XX:HeapDumpPath=c:\Users\IFTM\AppData\Roaming\Code\User\workspaceStorage\8c270b6e5f51d8c61f2e40e7c2ed84b2\redhat.java c:\Users\IFTM\.vscode\extensions\redhat.java-1.16.0-win32-x64\server\plugins\org.eclipse.equinox.launcher_1.6.400.v20210924-0641.jar -configuration c:\Users\IFTM\AppData\Roaming\Code\User\globalStorage\redhat.java\1.16.0\config_win -data c:\Users\IFTM\AppData\Roaming\Code\User\workspaceStorage\8c270b6e5f51d8c61f2e40e7c2ed84b2\redhat.java\jdt_ws

Host: Intel(R) Core(TM) i3-10100T CPU @ 3.00GHz, 8 cores, 15G,  Windows 11 , 64 bit Build 22621 (10.0.22621.1105)
Time: Mon Oct  2 20:35:58 2023 Hora oficial do Brasil elapsed time: 0.029320 seconds (0d 0h 0m 0s)

---------------  T H R E A D  ---------------

Current thread (0x000001f5d698eab0):  JavaThread "Unknown thread" [_thread_in_vm, id=8788, stack(0x000000d4b6e00000,0x000000d4b6f00000)]

Stack: [0x000000d4b6e00000,0x000000d4b6f00000]
Native frames: (J=compiled Java code, j=interpreted, Vv=VM code, C=native code)
V  [jvm.dll+0x67741a]
V  [jvm.dll+0x834434]
V  [jvm.dll+0x835bde]
V  [jvm.dll+0x836243]
V  [jvm.dll+0x2457b5]
V  [jvm.dll+0xa626f]
V  [jvm.dll+0x6a997a]
V  [jvm.dll+0x6aa63f]
V  [jvm.dll+0x683b13]
V  [jvm.dll+0x80684b]
V  [jvm.dll+0x3693b4]
V  [jvm.dll+0x7e56ac]
V  [jvm.dll+0x3eb35f]
V  [jvm.dll+0x3ecea1]
C  [jli.dll+0x5267]
C  [ucrtbase.dll+0x29363]
C  [KERNEL32.DLL+0x126bd]
C  [ntdll.dll+0x5dfb8]


---------------  P R O C E S S  ---------------

Threads class SMR info:
_java_thread_list=0x00007ffb4f525fd8, length=0, elements={
}

Java Threads: ( => current thread )

Other Threads:
  0x000001f5d69a3bb0 GCTaskThread "GC Thread#0" [stack: 0x000000d4b6f00000,0x000000d4b7000000] [id=6916]

=>0x000001f5d698eab0 (exited) JavaThread "Unknown thread" [_thread_in_vm, id=8788, stack(0x000000d4b6e00000,0x000000d4b6f00000)]

Threads with active compile tasks:

VM state: not at safepoint (normal execution)

VM Mutex/Monitor currently owned by a thread: None

Heap address: 0x00000000c0000000, size: 1024 MB, Compressed Oops mode: 32-bit

CDS archive(s) not mapped
Compressed class space mapped at: 0x0000000100000000-0x0000000140000000, reserved size: 1073741824
Narrow klass base: 0x0000000000000000, Narrow klass shift: 3, Narrow klass range: 0x140000000

GC Precious Log:
 CPUs: 8 total, 8 available
 Memory: 16131M
 Large Page Support: Disabled
 NUMA Support: Disabled
 Compressed Oops: Enabled (32-bit)
 Alignments: Space 512K, Generation 512K, Heap 2M
 Heap Min Capacity: 100M
 Heap Initial Capacity: 100M
 Heap Max Capacity: 1G
 Pre-touch: Disabled
 Parallel Workers: 8

Heap:
 PSYoungGen      total 29696K, used 512K [0x00000000eab00000, 0x00000000ecc00000, 0x0000000100000000)
  eden space 25600K, 2% used [0x00000000eab00000,0x00000000eab80070,0x00000000ec400000)
  from space 4096K, 0% used [0x00000000ec800000,0x00000000ec800000,0x00000000ecc00000)
  to   space 4096K, 0% used [0x00000000ec400000,0x00000000ec400000,0x00000000ec800000)
 ParOldGen       total 68608K, used 0K [0x00000000c0000000, 0x00000000c4300000, 0x00000000eab00000)
  object space 68608K, 0% used [0x00000000c0000000,0x00000000c0000000,0x00000000c4300000)
 Metaspace       used 1149K, committed 1216K, reserved 1056768K
  class space    used 101K, committed 128K, reserved 1048576K

Card table byte_map: [0x000001f5e9fd0000,0x000001f5ea1e0000] _byte_map_base: 0x000001f5e99d0000

Marking Bits: (ParMarkBitMap*) 0x00007ffb4f593e70
 Begin Bits: [0x000001f5ea340000, 0x000001f5eb340000)
 End Bits:   [0x000001f5eb340000, 0x000001f5ec340000)

Polling page: 0x000001f5d6a50000

Metaspace:

Usage:
  Non-class:      1.02 MB used.
      Class:    101.01 KB used.
       Both:      1.12 MB used.

Virtual space:
  Non-class space:        8.00 MB reserved,       1.06 MB ( 13%) committed,  1 nodes.
      Class space:        1.00 GB reserved,     128.00 KB ( <1%) committed,  1 nodes.
             Both:        1.01 GB reserved,       1.19 MB ( <1%) committed. 

Chunk freelists:
   Non-Class:  0 bytes
       Class:  3.75 MB
        Both:  3.75 MB

MaxMetaspaceSize: unlimited
CompressedClassSpaceSize: 1.00 GB
Initial GC threshold: 21.00 MB
Current GC threshold: 17179869184.00 GB
CDS: off
MetaspaceReclaimPolicy: balanced
 - commit_granule_bytes: 65536.
 - commit_granule_words: 8192.
 - virtual_space_node_default_size: 1048576.
 - enlarge_chunks_in_place: 1.
 - new_chunks_are_fully_committed: 0.
 - uncommit_free_chunks: 1.
 - use_allocation_guard: 0.
 - handle_deallocations: 1.


Internal statistics:

num_allocs_failed_limit: 0.
num_arena_births: 2.
num_arena_deaths: 0.
num_vsnodes_births: 2.
num_vsnodes_deaths: 0.
num_space_committed: 19.
num_space_uncommitted: 0.
num_chunks_returned_to_freelist: 0.
num_chunks_taken_from_freelist: 3.
num_chunk_merges: 0.
num_chunk_splits: 1.
num_chunks_enlarged: 0.
num_purges: 0.
num_inconsistent_stats: 0.

CodeHeap 'non-profiled nmethods': size=120000Kb used=0Kb max_used=0Kb free=120000Kb
 bounds [0x000001f5e28b0000, 0x000001f5e2b20000, 0x000001f5e9de0000]
CodeHeap 'profiled nmethods': size=120000Kb used=0Kb max_used=0Kb free=120000Kb
 bounds [0x000001f5dade0000, 0x000001f5db050000, 0x000001f5e2310000]
CodeHeap 'non-nmethods': size=5760Kb used=202Kb max_used=353Kb free=5557Kb
 bounds [0x000001f5e2310000, 0x000001f5e2580000, 0x000001f5e28b0000]
 total_blobs=66 nmethods=0 adapters=47
 compilation: enabled
              stopped_count=0, restarted_count=0
 full_count=0

Compilation events (0 events):
No events

GC Heap History (0 events):
No events

Dll operation events (1 events):
Event: 0.008 Loaded shared library c:\Users\IFTM\.vscode\extensions\redhat.java-1.16.0-win32-x64\jre\17.0.6-win32-x86_64\bin\java.dll

Deoptimization events (0 events):
No events

Classes unloaded (0 events):
No events

Classes redefined (0 events):
No events

Internal exceptions (0 events):
No events

VM Operations (0 events):
No events

Events (20 events):
Event: 0.024 loading class java/lang/Long
Event: 0.025 loading class java/lang/Long done
Event: 0.025 loading class java/util/Iterator
Event: 0.025 loading class java/util/Iterator done
Event: 0.025 loading class java/lang/reflect/RecordComponent
Event: 0.025 loading class java/lang/reflect/RecordComponent done
Event: 0.025 loading class jdk/internal/vm/vector/VectorSupport
Event: 0.025 loading class jdk/internal/vm/vector/VectorSupport done
Event: 0.025 loading class jdk/internal/vm/vector/VectorSupport$VectorPayload
Event: 0.025 loading class jdk/internal/vm/vector/VectorSupport$VectorPayload done
Event: 0.025 loading class jdk/internal/vm/vector/VectorSupport$Vector
Event: 0.025 loading class jdk/internal/vm/vector/VectorSupport$Vector done
Event: 0.025 loading class jdk/internal/vm/vector/VectorSupport$VectorMask
Event: 0.025 loading class jdk/internal/vm/vector/VectorSupport$VectorMask done
Event: 0.025 loading class jdk/internal/vm/vector/VectorSupport$VectorShuffle
Event: 0.025 loading class jdk/internal/vm/vector/VectorSupport$VectorShuffle done
Event: 0.026 loading class java/lang/NullPointerException
Event: 0.026 loading class java/lang/NullPointerException done
Event: 0.026 loading class java/lang/ArithmeticException
Event: 0.026 loading class java/lang/ArithmeticException done


Dynamic libraries:
0x00007ff733630000 - 0x00007ff73363e000 	c:\Users\IFTM\.vscode\extensions\redhat.java-1.16.0-win32-x64\jre\17.0.6-win32-x86_64\bin\java.exe
0x00007ffb981b0000 - 0x00007ffb983c4000 	C:\WINDOWS\SYSTEM32\ntdll.dll
0x00007ffb967a0000 - 0x00007ffb96863000 	C:\WINDOWS\System32\KERNEL32.DLL
0x00007ffb95970000 - 0x00007ffb95d0d000 	C:\WINDOWS\System32\KERNELBASE.dll
0x00007ffb95690000 - 0x00007ffb957a1000 	C:\WINDOWS\System32\ucrtbase.dll
0x00007ffb8eb20000 - 0x00007ffb8eb39000 	c:\Users\IFTM\.vscode\extensions\redhat.java-1.16.0-win32-x64\jre\17.0.6-win32-x86_64\bin\VCRUNTIME140.dll
0x00007ffb90fe0000 - 0x00007ffb90ff7000 	c:\Users\IFTM\.vscode\extensions\redhat.java-1.16.0-win32-x64\jre\17.0.6-win32-x86_64\bin\jli.dll
0x00007ffb95fa0000 - 0x00007ffb9614d000 	C:\WINDOWS\System32\USER32.dll
0x00007ffb8e850000 - 0x00007ffb8eade000 	C:\WINDOWS\WinSxS\amd64_microsoft.windows.common-controls_6595b64144ccf1df_6.0.22621.608_none_a9444ca7c10bb01d\COMCTL32.dll
0x00007ffb958d0000 - 0x00007ffb958f6000 	C:\WINDOWS\System32\win32u.dll
0x00007ffb96670000 - 0x00007ffb96717000 	C:\WINDOWS\System32\msvcrt.dll
0x00007ffb97180000 - 0x00007ffb971a9000 	C:\WINDOWS\System32\GDI32.dll
0x00007ffb957b0000 - 0x00007ffb958c2000 	C:\WINDOWS\System32\gdi32full.dll
0x00007ffb95f00000 - 0x00007ffb95f9a000 	C:\WINDOWS\System32\msvcp_win.dll
0x00007ffb96150000 - 0x00007ffb96182000 	C:\WINDOWS\System32\IMM32.DLL
0x00007ffb90fd0000 - 0x00007ffb90fdc000 	c:\Users\IFTM\.vscode\extensions\redhat.java-1.16.0-win32-x64\jre\17.0.6-win32-x86_64\bin\vcruntime140_1.dll
0x00007ffb7a0f0000 - 0x00007ffb7a181000 	c:\Users\IFTM\.vscode\extensions\redhat.java-1.16.0-win32-x64\jre\17.0.6-win32-x86_64\bin\msvcp140.dll
0x00007ffb4ea10000 - 0x00007ffb4f657000 	c:\Users\IFTM\.vscode\extensions\redhat.java-1.16.0-win32-x64\jre\17.0.6-win32-x86_64\bin\server\jvm.dll
0x00007ffb962e0000 - 0x00007ffb9638e000 	C:\WINDOWS\System32\ADVAPI32.dll
0x00007ffb96bb0000 - 0x00007ffb96c54000 	C:\WINDOWS\System32\sechost.dll
0x00007ffb96880000 - 0x00007ffb96995000 	C:\WINDOWS\System32\RPCRT4.dll
0x00007ffb83520000 - 0x00007ffb83554000 	C:\WINDOWS\SYSTEM32\WINMM.dll
0x00007ffb81ac0000 - 0x00007ffb81ac9000 	C:\WINDOWS\SYSTEM32\WSOCK32.dll
0x00007ffb8ddd0000 - 0x00007ffb8ddda000 	C:\WINDOWS\SYSTEM32\VERSION.dll
0x00007ffb96720000 - 0x00007ffb96791000 	C:\WINDOWS\System32\WS2_32.dll
0x00007ffb94620000 - 0x00007ffb94638000 	C:\WINDOWS\SYSTEM32\kernel.appcore.dll
0x00007ffb8d490000 - 0x00007ffb8d49a000 	c:\Users\IFTM\.vscode\extensions\redhat.java-1.16.0-win32-x64\jre\17.0.6-win32-x86_64\bin\jimage.dll
0x00007ffb87ba0000 - 0x00007ffb87dce000 	C:\WINDOWS\SYSTEM32\DBGHELP.DLL
0x00007ffb96d50000 - 0x00007ffb970da000 	C:\WINDOWS\System32\combase.dll
0x00007ffb969a0000 - 0x00007ffb96a77000 	C:\WINDOWS\System32\OLEAUT32.dll
0x00007ffb8d830000 - 0x00007ffb8d862000 	C:\WINDOWS\SYSTEM32\dbgcore.DLL
0x00007ffb95d10000 - 0x00007ffb95d8b000 	C:\WINDOWS\System32\bcryptPrimitives.dll
0x00007ffb8d480000 - 0x00007ffb8d48e000 	c:\Users\IFTM\.vscode\extensions\redhat.java-1.16.0-win32-x64\jre\17.0.6-win32-x86_64\bin\instrument.dll
0x00007ffb8d390000 - 0x00007ffb8d3b5000 	c:\Users\IFTM\.vscode\extensions\redhat.java-1.16.0-win32-x64\jre\17.0.6-win32-x86_64\bin\java.dll
0x00007ffb82680000 - 0x00007ffb82698000 	c:\Users\IFTM\.vscode\extensions\redhat.java-1.16.0-win32-x64\jre\17.0.6-win32-x86_64\bin\zip.dll

dbghelp: loaded successfully - version: 4.0.5 - missing functions: none
symbol engine: initialized successfully - sym options: 0x614 - pdb path: .;c:\Users\IFTM\.vscode\extensions\redhat.java-1.16.0-win32-x64\jre\17.0.6-win32-x86_64\bin;C:\WINDOWS\SYSTEM32;C:\WINDOWS\WinSxS\amd64_microsoft.windows.common-controls_6595b64144ccf1df_6.0.22621.608_none_a9444ca7c10bb01d;c:\Users\IFTM\.vscode\extensions\redhat.java-1.16.0-win32-x64\jre\17.0.6-win32-x86_64\bin\server

VM Arguments:
jvm_args: --add-modules=ALL-SYSTEM --add-opens=java.base/java.util=ALL-UNNAMED --add-opens=java.base/java.lang=ALL-UNNAMED --add-opens=java.base/sun.nio.fs=ALL-UNNAMED -Declipse.application=org.eclipse.jdt.ls.core.id1 -Dosgi.bundles.defaultStartLevel=4 -Declipse.product=org.eclipse.jdt.ls.core.product -Djava.import.generatesMetadataFilesAtProjectRoot=false -Dfile.encoding=utf8 -XX:+UseParallelGC -XX:GCTimeRatio=4 -XX:AdaptiveSizePolicyWeight=90 -Dsun.zip.disableMemoryMapping=true -Xmx1G -Xms100m -Xlog:disable -javaagent:c:\Users\IFTM\.vscode\extensions\redhat.java-1.16.0-win32-x64\lombok\lombok-1.18.24.jar -XX:+HeapDumpOnOutOfMemoryError -XX:HeapDumpPath=c:\Users\IFTM\AppData\Roaming\Code\User\workspaceStorage\8c270b6e5f51d8c61f2e40e7c2ed84b2\redhat.java 
java_command: c:\Users\IFTM\.vscode\extensions\redhat.java-1.16.0-win32-x64\server\plugins\org.eclipse.equinox.launcher_1.6.400.v20210924-0641.jar -configuration c:\Users\IFTM\AppData\Roaming\Code\User\globalStorage\redhat.java\1.16.0\config_win -data c:\Users\IFTM\AppData\Roaming\Code\User\workspaceStorage\8c270b6e5f51d8c61f2e40e7c2ed84b2\redhat.java\jdt_ws
java_class_path (initial): c:\Users\IFTM\.vscode\extensions\redhat.java-1.16.0-win32-x64\server\plugins\org.eclipse.equinox.launcher_1.6.400.v20210924-0641.jar
Launcher Type: SUN_STANDARD

[Global flags]
    uintx AdaptiveSizePolicyWeight                 = 90                                        {product} {command line}
     intx CICompilerCount                          = 4                                         {product} {ergonomic}
    uintx GCTimeRatio                              = 4                                         {product} {command line}
     bool HeapDumpOnOutOfMemoryError               = true                                   {manageable} {command line}
    ccstr HeapDumpPath                             = c:\Users\IFTM\AppData\Roaming\Code\User\workspaceStorage\8c270b6e5f51d8c61f2e40e7c2ed84b2\redhat.java         {manageable} {command line}
   size_t InitialHeapSize                          = 104857600                                 {product} {command line}
   size_t MaxHeapSize                              = 1073741824                                {product} {command line}
   size_t MaxNewSize                               = 357564416                                 {product} {ergonomic}
   size_t MinHeapDeltaBytes                        = 524288                                    {product} {ergonomic}
   size_t MinHeapSize                              = 104857600                                 {product} {command line}
   size_t NewSize                                  = 34603008                                  {product} {ergonomic}
    uintx NonNMethodCodeHeapSize                   = 5839372                                {pd product} {ergonomic}
    uintx NonProfiledCodeHeapSize                  = 122909434                              {pd product} {ergonomic}
   size_t OldSize                                  = 70254592                                  {product} {ergonomic}
    uintx ProfiledCodeHeapSize                     = 122909434                              {pd product} {ergonomic}
    uintx ReservedCodeCacheSize                    = 251658240                              {pd product} {ergonomic}
     bool SegmentedCodeCache                       = true                                      {product} {ergonomic}
   size_t SoftMaxHeapSize                          = 1073741824                             {manageable} {ergonomic}
     bool UseCompressedClassPointers               = true                           {product lp64_product} {ergonomic}
     bool UseCompressedOops                        = true                           {product lp64_product} {ergonomic}
     bool UseLargePagesIndividualAllocation        = false                                  {pd product} {ergonomic}
     bool UseParallelGC                            = true                                      {product} {command line}

Logging:
Log output configuration:
 #0: stdout all=off uptime,level,tags
 #1: stderr all=off uptime,level,tags

Environment Variables:
JAVA_HOME=C:\Program Files\Java\jdk1.8.0_111
PATH=C:\ProgramData\Oracle\Java\javapath;C:\Program Files (x86)\Common Files\Oracle\Java\javapath;C:\WINDOWS\system32;C:\WINDOWS;C:\WINDOWS\System32\Wbem;C:\WINDOWS\System32\WindowsPowerShell\v1.0\;C:\WINDOWS\System32\OpenSSH\;C:\Program Files\Microsoft VS Code\bin;C:\Program Files\dotnet\;C:\Program Files\Shield\;C:\Users\IFTM\AppData\Local\Programs\Python\Python39\Scripts\;C:\Users\IFTM\AppData\Local\Programs\Python\Python39\;C:\Users\IFTM\AppData\Local\Microsoft\WindowsApps;C:\Program Files\JetBrains\PyCharm Community Edition 2021.2\bin
USERNAME=IFTM
OS=Windows_NT
PROCESSOR_IDENTIFIER=Intel64 Family 6 Model 165 Stepping 3, GenuineIntel
TMP=C:\Users\IFTM\AppData\Local\Temp
TEMP=C:\Users\IFTM\AppData\Local\Temp



---------------  S Y S T E M  ---------------

OS:
 Windows 11 , 64 bit Build 22621 (10.0.22621.1105)
OS uptime: 0 days 1:15 hours

CPU: total 8 (initial active 8) (4 cores per cpu, 2 threads per core) family 6 model 165 stepping 3 microcode 0xf0, cx8, cmov, fxsr, ht, mmx, 3dnowpref, sse, sse2, sse3, ssse3, sse4.1, sse4.2, popcnt, lzcnt, tsc, tscinvbit, avx, avx2, aes, erms, clmul, bmi1, bmi2, adx, fma, vzeroupper, clflush, clflushopt

Memory: 4k page, system-wide physical 16131M (651M free)
TotalPageFile size 33718M (AvailPageFile size 4M)
current process WorkingSet (physical memory assigned to process): 16M, peak: 16M
current process commit charge ("private bytes"): 161M, peak: 162M

vm_info: OpenJDK 64-Bit Server VM (17.0.6+10) for windows-amd64 JRE (17.0.6+10), built on Jan 18 2023 10:08:59 by "temurin" with MS VC++ 16.7 (VS2019)

END.
