#
# There is insufficient memory for the Java Runtime Environment to continue.
# Native memory allocation (malloc) failed to allocate 320688 bytes for Chunk::new
# Possible reasons:
#   The system is out of physical RAM or swap space
#   The process is running with CompressedOops enabled, and the Java Heap may be blocking the growth of the native heap
# Possible solutions:
#   Reduce memory load on the system
#   Increase physical memory or swap space
#   Check if swap backing store is full
#   Decrease Java heap size (-Xmx/-Xms)
#   Decrease number of Java threads
#   Decrease Java thread stack sizes (-Xss)
#   Set larger code cache with -XX:ReservedCodeCacheSize=
#   JVM is running with Unscaled Compressed Oops mode in which the Java heap is
#     placed in the first 4GB address space. The Java Heap base address is the
#     maximum limit for the native heap growth. Please use -XX:HeapBaseMinAddress
#     to set the Java Heap base and to place the Java Heap above 4GB virtual address.
# This output file may be truncated or incomplete.
#
#  Out of Memory Error (arena.cpp:189), pid=10780, tid=6152
#
# JRE version: OpenJDK Runtime Environment Temurin-17.0.6+10 (17.0.6+10) (build 17.0.6+10)
# Java VM: OpenJDK 64-Bit Server VM Temurin-17.0.6+10 (17.0.6+10, mixed mode, tiered, compressed oops, compressed class ptrs, parallel gc, windows-amd64)
# No core dump will be written. Minidumps are not enabled by default on client versions of Windows
#

---------------  S U M M A R Y ------------

Command Line: --add-modules=ALL-SYSTEM --add-opens=java.base/java.util=ALL-UNNAMED --add-opens=java.base/java.lang=ALL-UNNAMED --add-opens=java.base/sun.nio.fs=ALL-UNNAMED -Declipse.application=org.eclipse.jdt.ls.core.id1 -Dosgi.bundles.defaultStartLevel=4 -Declipse.product=org.eclipse.jdt.ls.core.product -Djava.import.generatesMetadataFilesAtProjectRoot=false -Dfile.encoding=utf8 -XX:+UseParallelGC -XX:GCTimeRatio=4 -XX:AdaptiveSizePolicyWeight=90 -Dsun.zip.disableMemoryMapping=true -Xmx1G -Xms100m -Xlog:disable -javaagent:c:\Users\IFTM\.vscode\extensions\redhat.java-1.16.0-win32-x64\lombok\lombok-1.18.24.jar c:\Users\IFTM\.vscode\extensions\redhat.java-1.16.0-win32-x64\server\plugins\org.eclipse.equinox.launcher_1.6.400.v20210924-0641.jar -configuration c:\Users\IFTM\AppData\Roaming\Code\User\globalStorage\redhat.java\1.16.0\config_ss_win -data c:\Users\IFTM\AppData\Roaming\Code\User\workspaceStorage\8c270b6e5f51d8c61f2e40e7c2ed84b2\redhat.java\ss_ws

Host: Intel(R) Core(TM) i3-10100T CPU @ 3.00GHz, 8 cores, 15G,  Windows 11 , 64 bit Build 22621 (10.0.22621.1105)
Time: Mon Oct  2 20:35:49 2023 Hora oficial do Brasil elapsed time: 1.319980 seconds (0d 0h 0m 1s)

---------------  T H R E A D  ---------------

Current thread (0x000001bc4421afd0):  JavaThread "C2 CompilerThread1" daemon [_thread_in_native, id=6152, stack(0x0000000e9e000000,0x0000000e9e100000)]


Current CompileTask:
C2:   1320  480       4       lombok.patcher.PatchScript::classMatches (41 bytes)

Stack: [0x0000000e9e000000,0x0000000e9e100000]
Native frames: (J=compiled Java code, j=interpreted, Vv=VM code, C=native code)
V  [jvm.dll+0x67741a]
V  [jvm.dll+0x834434]
V  [jvm.dll+0x835bde]
V  [jvm.dll+0x836243]
V  [jvm.dll+0x2457b5]
V  [jvm.dll+0xabafc]
V  [jvm.dll+0xac0cc]
V  [jvm.dll+0x3634e7]
V  [jvm.dll+0x32dda1]
V  [jvm.dll+0x32d24a]
V  [jvm.dll+0x2185f1]
V  [jvm.dll+0x217a11]
V  [jvm.dll+0x1a3d0d]
V  [jvm.dll+0x22742a]
V  [jvm.dll+0x225565]
V  [jvm.dll+0x7ea2cb]
V  [jvm.dll+0x7e483a]
V  [jvm.dll+0x6762c5]
C  [ucrtbase.dll+0x29363]
C  [KERNEL32.DLL+0x126bd]
C  [ntdll.dll+0x5dfb8]


---------------  P R O C E S S  ---------------

Threads class SMR info:
_java_thread_list=0x000001bc441d4230, length=13, elements={
0x000001bc2e50cd90, 0x000001bc2e5c7420, 0x000001bc2e5c8420, 0x000001bc4238c1e0,
0x000001bc4238cba0, 0x000001bc4238def0, 0x000001bc4238e8a0, 0x000001bc43e7b250,
0x000001bc43e7c3a0, 0x000001bc43e7dcb0, 0x000001bc2e56f320, 0x000001bc441cf490,
0x000001bc4421afd0
}

Java Threads: ( => current thread )
  0x000001bc2e50cd90 JavaThread "main" [_thread_in_vm, id=7756, stack(0x0000000e9d100000,0x0000000e9d200000)]
  0x000001bc2e5c7420 JavaThread "Reference Handler" daemon [_thread_blocked, id=2672, stack(0x0000000e9d400000,0x0000000e9d500000)]
  0x000001bc2e5c8420 JavaThread "Finalizer" daemon [_thread_blocked, id=12800, stack(0x0000000e9d500000,0x0000000e9d600000)]
  0x000001bc4238c1e0 JavaThread "Signal Dispatcher" daemon [_thread_blocked, id=6672, stack(0x0000000e9d600000,0x0000000e9d700000)]
  0x000001bc4238cba0 JavaThread "Attach Listener" daemon [_thread_blocked, id=6468, stack(0x0000000e9d700000,0x0000000e9d800000)]
  0x000001bc4238def0 JavaThread "Service Thread" daemon [_thread_blocked, id=11232, stack(0x0000000e9d800000,0x0000000e9d900000)]
  0x000001bc4238e8a0 JavaThread "Monitor Deflation Thread" daemon [_thread_blocked, id=9176, stack(0x0000000e9d900000,0x0000000e9da00000)]
  0x000001bc43e7b250 JavaThread "C2 CompilerThread0" daemon [_thread_blocked, id=13768, stack(0x0000000e9da00000,0x0000000e9db00000)]
  0x000001bc43e7c3a0 JavaThread "C1 CompilerThread0" daemon [_thread_blocked, id=10252, stack(0x0000000e9db00000,0x0000000e9dc00000)]
  0x000001bc43e7dcb0 JavaThread "Sweeper thread" daemon [_thread_blocked, id=10832, stack(0x0000000e9dc00000,0x0000000e9dd00000)]
  0x000001bc2e56f320 JavaThread "Common-Cleaner" daemon [_thread_blocked, id=10920, stack(0x0000000e9dd00000,0x0000000e9de00000)]
  0x000001bc441cf490 JavaThread "Notification Thread" daemon [_thread_blocked, id=11256, stack(0x0000000e9de00000,0x0000000e9df00000)]
=>0x000001bc4421afd0 JavaThread "C2 CompilerThread1" daemon [_thread_in_native, id=6152, stack(0x0000000e9e000000,0x0000000e9e100000)]

Other Threads:
  0x000001bc4237f870 VMThread "VM Thread" [stack: 0x0000000e9d300000,0x0000000e9d400000] [id=4248]
  0x000001bc441b0e20 WatcherThread [stack: 0x0000000e9df00000,0x0000000e9e000000] [id=9652]
  0x000001bc2e5223b0 GCTaskThread "GC Thread#0" [stack: 0x0000000e9d200000,0x0000000e9d300000] [id=9184]

Threads with active compile tasks:
C2 CompilerThread1     1335  480       4       lombok.patcher.PatchScript::classMatches (41 bytes)

VM state: not at safepoint (normal execution)

VM Mutex/Monitor currently owned by a thread:  ([mutex/lock_event])
[0x000001bc2e506860] Metaspace_lock - owner thread: 0x000001bc2e50cd90

Heap address: 0x00000000c0000000, size: 1024 MB, Compressed Oops mode: 32-bit

CDS archive(s) not mapped
Compressed class space mapped at: 0x0000000100000000-0x0000000140000000, reserved size: 1073741824
Narrow klass base: 0x0000000000000000, Narrow klass shift: 3, Narrow klass range: 0x140000000

GC Precious Log:
 CPUs: 8 total, 8 available
 Memory: 16131M
 Large Page Support: Disabled
 NUMA Support: Disabled
 Compressed Oops: Enabled (32-bit)
 Alignments: Space 512K, Generation 512K, Heap 2M
 Heap Min Capacity: 100M
 Heap Initial Capacity: 100M
 Heap Max Capacity: 1G
 Pre-touch: Disabled
 Parallel Workers: 8

Heap:
 PSYoungGen      total 29696K, used 12144K [0x00000000eab00000, 0x00000000ecc00000, 0x0000000100000000)
  eden space 25600K, 47% used [0x00000000eab00000,0x00000000eb6dc018,0x00000000ec400000)
  from space 4096K, 0% used [0x00000000ec800000,0x00000000ec800000,0x00000000ecc00000)
  to   space 4096K, 0% used [0x00000000ec400000,0x00000000ec400000,0x00000000ec800000)
 ParOldGen       total 68608K, used 0K [0x00000000c0000000, 0x00000000c4300000, 0x00000000eab00000)
  object space 68608K, 0% used [0x00000000c0000000,0x00000000c0000000,0x00000000c4300000)
 Metaspace       used 8512K, committed 8576K, reserved 1056768K
  class space    used 841K, committed 896K, reserved 1048576K

Card table byte_map: [0x000001bc2dee0000,0x000001bc2e0f0000] _byte_map_base: 0x000001bc2d8e0000

Marking Bits: (ParMarkBitMap*) 0x00007ffb4f593e70
 Begin Bits: [0x000001bc40190000, 0x000001bc41190000)
 End Bits:   [0x000001bc41190000, 0x000001bc42190000)

Polling page: 0x000001bc2dcd0000

Metaspace:

Usage:
  Non-class:      7.49 MB used.
      Class:    841.94 KB used.
       Both:      8.31 MB used.

Virtual space:
  Non-class space:        8.00 MB reserved,       7.50 MB ( 94%) committed,  1 nodes.
      Class space:        1.00 GB reserved,     896.00 KB ( <1%) committed,  1 nodes.
             Both:        1.01 GB reserved,       8.38 MB ( <1%) committed. 

Chunk freelists:
   Non-Class:  0 bytes
       Class:  3.09 MB
        Both:  3.09 MB

MaxMetaspaceSize: unlimited
CompressedClassSpaceSize: 1.00 GB
Initial GC threshold: 21.00 MB
Current GC threshold: 21.00 MB
CDS: off
MetaspaceReclaimPolicy: balanced
 - commit_granule_bytes: 65536.
 - commit_granule_words: 8192.
 - virtual_space_node_default_size: 1048576.
 - enlarge_chunks_in_place: 1.
 - new_chunks_are_fully_committed: 0.
 - uncommit_free_chunks: 1.
 - use_allocation_guard: 0.
 - handle_deallocations: 1.


Internal statistics:

num_allocs_failed_limit: 0.
num_arena_births: 10.
num_arena_deaths: 0.
num_vsnodes_births: 2.
num_vsnodes_deaths: 0.
num_space_committed: 134.
num_space_uncommitted: 0.
num_chunks_returned_to_freelist: 0.
num_chunks_taken_from_freelist: 38.
num_chunk_merges: 0.
num_chunk_splits: 20.
num_chunks_enlarged: 17.
num_purges: 0.
num_inconsistent_stats: 0.

CodeHeap 'non-profiled nmethods': size=120000Kb used=173Kb max_used=173Kb free=119826Kb
 bounds [0x000001bc38c60000, 0x000001bc38ed0000, 0x000001bc40190000]
CodeHeap 'profiled nmethods': size=120000Kb used=687Kb max_used=687Kb free=119312Kb
 bounds [0x000001bc31190000, 0x000001bc31400000, 0x000001bc386c0000]
CodeHeap 'non-nmethods': size=5760Kb used=1129Kb max_used=1147Kb free=4630Kb
 bounds [0x000001bc386c0000, 0x000001bc38930000, 0x000001bc38c60000]
 total_blobs=911 nmethods=493 adapters=333
 compilation: enabled
              stopped_count=0, restarted_count=0
 full_count=0

Compilation events (20 events):
Event: 1.266 Thread 0x000001bc4421afd0  475       4       java.lang.Integer::parseInt (264 bytes)
Event: 1.266 Thread 0x000001bc43e7c3a0  479       3       java.util.regex.Pattern::peek (26 bytes)
Event: 1.266 Thread 0x000001bc43e7c3a0 nmethod 479 0x000001bc31238290 code [0x000001bc31238440, 0x000001bc312386a8]
Event: 1.271 Thread 0x000001bc4421afd0 nmethod 475 0x000001bc38c87b90 code [0x000001bc38c87d40, 0x000001bc38c88118]
Event: 1.271 Thread 0x000001bc4421afd0  480       4       lombok.patcher.PatchScript::classMatches (41 bytes)
Event: 1.279 Thread 0x000001bc43e7c3a0  481       3       java.lang.Byte::<init> (10 bytes)
Event: 1.280 Thread 0x000001bc43e7c3a0 nmethod 481 0x000001bc31238810 code [0x000001bc312389c0, 0x000001bc31238b98]
Event: 1.281 Thread 0x000001bc43e7c3a0  482       3       java.lang.reflect.Modifier::isPublic (12 bytes)
Event: 1.281 Thread 0x000001bc43e7c3a0 nmethod 482 0x000001bc31238c90 code [0x000001bc31238e20, 0x000001bc31238f78]
Event: 1.285 Thread 0x000001bc43e7b250 nmethod 456 0x000001bc38c88610 code [0x000001bc38c88820, 0x000001bc38c89ab8]
Event: 1.285 Thread 0x000001bc43e7b250  483       4       java.lang.Math::min (11 bytes)
Event: 1.285 Thread 0x000001bc43e7b250 nmethod 483 0x000001bc38c8a910 code [0x000001bc38c8aa80, 0x000001bc38c8aad8]
Event: 1.286 Thread 0x000001bc43e7c3a0  484       3       java.lang.reflect.Modifier::isProtected (12 bytes)
Event: 1.286 Thread 0x000001bc43e7c3a0 nmethod 484 0x000001bc31239010 code [0x000001bc312391a0, 0x000001bc312392f8]
Event: 1.286 Thread 0x000001bc43e7c3a0  485       3       java.lang.Enum::equals (11 bytes)
Event: 1.286 Thread 0x000001bc43e7c3a0 nmethod 485 0x000001bc31239390 code [0x000001bc31239520, 0x000001bc31239698]
Event: 1.288 Thread 0x000001bc43e7c3a0  487       3       java.lang.invoke.MemberName::initResolved (53 bytes)
Event: 1.288 Thread 0x000001bc43e7c3a0 nmethod 487 0x000001bc31239710 code [0x000001bc312398a0, 0x000001bc31239a18]
Event: 1.293 Thread 0x000001bc43e7c3a0  490       3       java.util.Arrays::hashCode (44 bytes)
Event: 1.293 Thread 0x000001bc43e7c3a0 nmethod 490 0x000001bc31239a90 code [0x000001bc31239c40, 0x000001bc31239e58]

GC Heap History (0 events):
No events

Dll operation events (8 events):
Event: 0.415 Loaded shared library c:\Users\IFTM\.vscode\extensions\redhat.java-1.16.0-win32-x64\jre\17.0.6-win32-x86_64\bin\java.dll
Event: 0.697 Loaded shared library c:\Users\IFTM\.vscode\extensions\redhat.java-1.16.0-win32-x64\jre\17.0.6-win32-x86_64\bin\zip.dll
Event: 0.701 Loaded shared library C:\Users\IFTM\.vscode\extensions\redhat.java-1.16.0-win32-x64\jre\17.0.6-win32-x86_64\bin\instrument.dll
Event: 0.765 Loaded shared library C:\Users\IFTM\.vscode\extensions\redhat.java-1.16.0-win32-x64\jre\17.0.6-win32-x86_64\bin\net.dll
Event: 0.812 Loaded shared library C:\Users\IFTM\.vscode\extensions\redhat.java-1.16.0-win32-x64\jre\17.0.6-win32-x86_64\bin\nio.dll
Event: 0.818 Loaded shared library C:\Users\IFTM\.vscode\extensions\redhat.java-1.16.0-win32-x64\jre\17.0.6-win32-x86_64\bin\zip.dll
Event: 0.834 Loaded shared library C:\Users\IFTM\.vscode\extensions\redhat.java-1.16.0-win32-x64\jre\17.0.6-win32-x86_64\bin\jimage.dll
Event: 0.908 Loaded shared library c:\Users\IFTM\.vscode\extensions\redhat.java-1.16.0-win32-x64\jre\17.0.6-win32-x86_64\bin\verify.dll

Deoptimization events (20 events):
Event: 1.210 Thread 0x000001bc2e50cd90 Uncommon trap: trap_request=0xffffffde fr.pc=0x000001bc38c7fcc4 relative=0x0000000000000124
Event: 1.210 Thread 0x000001bc2e50cd90 Uncommon trap: reason=class_check action=maybe_recompile pc=0x000001bc38c7fcc4 method=jdk.internal.misc.Unsafe.allocateUninitializedArray(Ljava/lang/Class;I)Ljava/lang/Object; @ 51 c2
Event: 1.210 Thread 0x000001bc2e50cd90 DEOPT PACKING pc=0x000001bc38c7fcc4 sp=0x0000000e9d1fbc70
Event: 1.210 Thread 0x000001bc2e50cd90 DEOPT UNPACKING pc=0x000001bc387166a3 sp=0x0000000e9d1fbbf8 mode 2
Event: 1.210 Thread 0x000001bc2e50cd90 Uncommon trap: trap_request=0xffffffde fr.pc=0x000001bc38c7fcc4 relative=0x0000000000000124
Event: 1.210 Thread 0x000001bc2e50cd90 Uncommon trap: reason=class_check action=maybe_recompile pc=0x000001bc38c7fcc4 method=jdk.internal.misc.Unsafe.allocateUninitializedArray(Ljava/lang/Class;I)Ljava/lang/Object; @ 51 c2
Event: 1.210 Thread 0x000001bc2e50cd90 DEOPT PACKING pc=0x000001bc38c7fcc4 sp=0x0000000e9d1fbc70
Event: 1.210 Thread 0x000001bc2e50cd90 DEOPT UNPACKING pc=0x000001bc387166a3 sp=0x0000000e9d1fbbf8 mode 2
Event: 1.210 Thread 0x000001bc2e50cd90 Uncommon trap: trap_request=0xffffffde fr.pc=0x000001bc38c7fcc4 relative=0x0000000000000124
Event: 1.210 Thread 0x000001bc2e50cd90 Uncommon trap: reason=class_check action=maybe_recompile pc=0x000001bc38c7fcc4 method=jdk.internal.misc.Unsafe.allocateUninitializedArray(Ljava/lang/Class;I)Ljava/lang/Object; @ 51 c2
Event: 1.210 Thread 0x000001bc2e50cd90 DEOPT PACKING pc=0x000001bc38c7fcc4 sp=0x0000000e9d1fbcb0
Event: 1.210 Thread 0x000001bc2e50cd90 DEOPT UNPACKING pc=0x000001bc387166a3 sp=0x0000000e9d1fbc38 mode 2
Event: 1.229 Thread 0x000001bc2e50cd90 Uncommon trap: trap_request=0xffffff45 fr.pc=0x000001bc38c736c4 relative=0x00000000000000c4
Event: 1.229 Thread 0x000001bc2e50cd90 Uncommon trap: reason=unstable_if action=reinterpret pc=0x000001bc38c736c4 method=java.net.URI.match(CJJ)Z @ 45 c2
Event: 1.229 Thread 0x000001bc2e50cd90 DEOPT PACKING pc=0x000001bc38c736c4 sp=0x0000000e9d1fc720
Event: 1.229 Thread 0x000001bc2e50cd90 DEOPT UNPACKING pc=0x000001bc387166a3 sp=0x0000000e9d1fc6a8 mode 2
Event: 1.244 Thread 0x000001bc2e50cd90 Uncommon trap: trap_request=0xffffff45 fr.pc=0x000001bc38c83dd8 relative=0x0000000000000678
Event: 1.244 Thread 0x000001bc2e50cd90 Uncommon trap: reason=unstable_if action=reinterpret pc=0x000001bc38c83dd8 method=java.lang.String.replace(Ljava/lang/CharSequence;Ljava/lang/CharSequence;)Ljava/lang/String; @ 48 c2
Event: 1.244 Thread 0x000001bc2e50cd90 DEOPT PACKING pc=0x000001bc38c83dd8 sp=0x0000000e9d1fc6a0
Event: 1.244 Thread 0x000001bc2e50cd90 DEOPT UNPACKING pc=0x000001bc387166a3 sp=0x0000000e9d1fc620 mode 2

Classes unloaded (0 events):
No events

Classes redefined (0 events):
No events

Internal exceptions (2 events):
Event: 0.673 Thread 0x000001bc2e50cd90 Exception <a 'java/lang/NoSuchMethodError'{0x00000000eacb24e8}: 'void java.lang.invoke.DirectMethodHandle$Holder.invokeStatic(java.lang.Object, java.lang.Object, java.lang.Object)'> (0x00000000eacb24e8) 
thrown [s\src\hotspot\share\interpreter\linkResolver.cpp, line 759]
Event: 0.924 Thread 0x000001bc2e50cd90 Exception <a 'java/lang/reflect/InvocationTargetException'{0x00000000eaf783b8}> (0x00000000eaf783b8) 
thrown [s\src\hotspot\share\runtime\reflection.cpp, line 1121]

VM Operations (4 events):
Event: 0.678 Executing VM operation: HandshakeAllThreads
Event: 0.678 Executing VM operation: HandshakeAllThreads done
Event: 0.850 Executing VM operation: HandshakeAllThreads
Event: 0.850 Executing VM operation: HandshakeAllThreads done

Events (20 events):
Event: 1.295 loading class jdk/internal/icu/text/NormalizerBase$Mode
Event: 1.295 loading class jdk/internal/icu/text/NormalizerBase$Mode done
Event: 1.295 loading class jdk/internal/icu/text/NormalizerBase$NONEMode done
Event: 1.295 loading class jdk/internal/icu/text/NormalizerBase$NFDMode
Event: 1.295 loading class jdk/internal/icu/text/NormalizerBase$NFDMode done
Event: 1.295 loading class jdk/internal/icu/text/NormalizerBase$NFKDMode
Event: 1.295 loading class jdk/internal/icu/text/NormalizerBase$NFKDMode done
Event: 1.295 loading class jdk/internal/icu/text/NormalizerBase$NFCMode
Event: 1.295 loading class jdk/internal/icu/text/NormalizerBase$NFCMode done
Event: 1.296 loading class jdk/internal/icu/text/NormalizerBase$NFKCMode
Event: 1.296 loading class jdk/internal/icu/text/NormalizerBase$NFKCMode done
Event: 1.296 loading class jdk/internal/icu/text/NormalizerBase$1
Event: 1.296 loading class jdk/internal/icu/text/NormalizerBase$1 done
Event: 1.296 loading class jdk/internal/icu/text/NormalizerBase$NFKDModeImpl
Event: 1.296 loading class jdk/internal/icu/text/NormalizerBase$NFKDModeImpl done
Event: 1.296 loading class jdk/internal/icu/text/NormalizerBase$ModeImpl
Event: 1.296 loading class jdk/internal/icu/text/NormalizerBase$ModeImpl done
Event: 1.296 loading class jdk/internal/icu/text/Normalizer2
Event: 1.296 loading class jdk/internal/icu/text/Normalizer2 done
Event: 1.296 loading class jdk/internal/icu/impl/Norm2AllModes


Dynamic libraries:
0x00007ff733630000 - 0x00007ff73363e000 	c:\Users\IFTM\.vscode\extensions\redhat.java-1.16.0-win32-x64\jre\17.0.6-win32-x86_64\bin\java.exe
0x00007ffb981b0000 - 0x00007ffb983c4000 	C:\WINDOWS\SYSTEM32\ntdll.dll
0x00007ffb967a0000 - 0x00007ffb96863000 	C:\WINDOWS\System32\KERNEL32.DLL
0x00007ffb95970000 - 0x00007ffb95d0d000 	C:\WINDOWS\System32\KERNELBASE.dll
0x00007ffb95690000 - 0x00007ffb957a1000 	C:\WINDOWS\System32\ucrtbase.dll
0x00007ffb90fe0000 - 0x00007ffb90ff7000 	c:\Users\IFTM\.vscode\extensions\redhat.java-1.16.0-win32-x64\jre\17.0.6-win32-x86_64\bin\jli.dll
0x00007ffb95fa0000 - 0x00007ffb9614d000 	C:\WINDOWS\System32\USER32.dll
0x00007ffb958d0000 - 0x00007ffb958f6000 	C:\WINDOWS\System32\win32u.dll
0x00007ffb97180000 - 0x00007ffb971a9000 	C:\WINDOWS\System32\GDI32.dll
0x00007ffb957b0000 - 0x00007ffb958c2000 	C:\WINDOWS\System32\gdi32full.dll
0x00007ffb95f00000 - 0x00007ffb95f9a000 	C:\WINDOWS\System32\msvcp_win.dll
0x00007ffb8e850000 - 0x00007ffb8eade000 	C:\WINDOWS\WinSxS\amd64_microsoft.windows.common-controls_6595b64144ccf1df_6.0.22621.608_none_a9444ca7c10bb01d\COMCTL32.dll
0x00007ffb96670000 - 0x00007ffb96717000 	C:\WINDOWS\System32\msvcrt.dll
0x00007ffb8eb20000 - 0x00007ffb8eb39000 	c:\Users\IFTM\.vscode\extensions\redhat.java-1.16.0-win32-x64\jre\17.0.6-win32-x86_64\bin\VCRUNTIME140.dll
0x00007ffb96150000 - 0x00007ffb96182000 	C:\WINDOWS\System32\IMM32.DLL
0x00007ffb90fd0000 - 0x00007ffb90fdc000 	c:\Users\IFTM\.vscode\extensions\redhat.java-1.16.0-win32-x64\jre\17.0.6-win32-x86_64\bin\vcruntime140_1.dll
0x00007ffb7a0f0000 - 0x00007ffb7a181000 	c:\Users\IFTM\.vscode\extensions\redhat.java-1.16.0-win32-x64\jre\17.0.6-win32-x86_64\bin\msvcp140.dll
0x00007ffb4ea10000 - 0x00007ffb4f657000 	c:\Users\IFTM\.vscode\extensions\redhat.java-1.16.0-win32-x64\jre\17.0.6-win32-x86_64\bin\server\jvm.dll
0x00007ffb962e0000 - 0x00007ffb9638e000 	C:\WINDOWS\System32\ADVAPI32.dll
0x00007ffb96bb0000 - 0x00007ffb96c54000 	C:\WINDOWS\System32\sechost.dll
0x00007ffb96880000 - 0x00007ffb96995000 	C:\WINDOWS\System32\RPCRT4.dll
0x00007ffb83520000 - 0x00007ffb83554000 	C:\WINDOWS\SYSTEM32\WINMM.dll
0x00007ffb8ddd0000 - 0x00007ffb8ddda000 	C:\WINDOWS\SYSTEM32\VERSION.dll
0x00007ffb81ac0000 - 0x00007ffb81ac9000 	C:\WINDOWS\SYSTEM32\WSOCK32.dll
0x00007ffb96720000 - 0x00007ffb96791000 	C:\WINDOWS\System32\WS2_32.dll
0x00007ffb94620000 - 0x00007ffb94638000 	C:\WINDOWS\SYSTEM32\kernel.appcore.dll
0x00007ffb8d490000 - 0x00007ffb8d49a000 	c:\Users\IFTM\.vscode\extensions\redhat.java-1.16.0-win32-x64\jre\17.0.6-win32-x86_64\bin\jimage.dll
0x00007ffb87ba0000 - 0x00007ffb87dce000 	C:\WINDOWS\SYSTEM32\DBGHELP.DLL
0x00007ffb96d50000 - 0x00007ffb970da000 	C:\WINDOWS\System32\combase.dll
0x00007ffb969a0000 - 0x00007ffb96a77000 	C:\WINDOWS\System32\OLEAUT32.dll
0x00007ffb8d830000 - 0x00007ffb8d862000 	C:\WINDOWS\SYSTEM32\dbgcore.DLL
0x00007ffb95d10000 - 0x00007ffb95d8b000 	C:\WINDOWS\System32\bcryptPrimitives.dll
0x00007ffb8d480000 - 0x00007ffb8d48e000 	c:\Users\IFTM\.vscode\extensions\redhat.java-1.16.0-win32-x64\jre\17.0.6-win32-x86_64\bin\instrument.dll
0x00007ffb8d390000 - 0x00007ffb8d3b5000 	c:\Users\IFTM\.vscode\extensions\redhat.java-1.16.0-win32-x64\jre\17.0.6-win32-x86_64\bin\java.dll
0x00007ffb82680000 - 0x00007ffb82698000 	c:\Users\IFTM\.vscode\extensions\redhat.java-1.16.0-win32-x64\jre\17.0.6-win32-x86_64\bin\zip.dll
0x00007ffb97210000 - 0x00007ffb979ff000 	C:\WINDOWS\System32\SHELL32.dll
0x00007ffb935f0000 - 0x00007ffb93eb8000 	C:\WINDOWS\SYSTEM32\windows.storage.dll
0x00007ffb934b0000 - 0x00007ffb935ee000 	C:\WINDOWS\SYSTEM32\wintypes.dll
0x00007ffb963b0000 - 0x00007ffb964a1000 	C:\WINDOWS\System32\SHCORE.dll
0x00007ffb96cf0000 - 0x00007ffb96d4e000 	C:\WINDOWS\System32\shlwapi.dll
0x00007ffb95500000 - 0x00007ffb95521000 	C:\WINDOWS\SYSTEM32\profapi.dll
0x00007ffb82660000 - 0x00007ffb82679000 	C:\Users\IFTM\.vscode\extensions\redhat.java-1.16.0-win32-x64\jre\17.0.6-win32-x86_64\bin\net.dll
0x00007ffb8f600000 - 0x00007ffb8f72f000 	C:\WINDOWS\SYSTEM32\WINHTTP.dll
0x00007ffb94a90000 - 0x00007ffb94af9000 	C:\WINDOWS\system32\mswsock.dll
0x00007ffb82550000 - 0x00007ffb82565000 	C:\Users\IFTM\.vscode\extensions\redhat.java-1.16.0-win32-x64\jre\17.0.6-win32-x86_64\bin\nio.dll
0x00007ffb8d450000 - 0x00007ffb8d460000 	c:\Users\IFTM\.vscode\extensions\redhat.java-1.16.0-win32-x64\jre\17.0.6-win32-x86_64\bin\verify.dll

dbghelp: loaded successfully - version: 4.0.5 - missing functions: none
symbol engine: initialized successfully - sym options: 0x614 - pdb path: .;c:\Users\IFTM\.vscode\extensions\redhat.java-1.16.0-win32-x64\jre\17.0.6-win32-x86_64\bin;C:\WINDOWS\SYSTEM32;C:\WINDOWS\WinSxS\amd64_microsoft.windows.common-controls_6595b64144ccf1df_6.0.22621.608_none_a9444ca7c10bb01d;c:\Users\IFTM\.vscode\extensions\redhat.java-1.16.0-win32-x64\jre\17.0.6-win32-x86_64\bin\server

VM Arguments:
jvm_args: --add-modules=ALL-SYSTEM --add-opens=java.base/java.util=ALL-UNNAMED --add-opens=java.base/java.lang=ALL-UNNAMED --add-opens=java.base/sun.nio.fs=ALL-UNNAMED -Declipse.application=org.eclipse.jdt.ls.core.id1 -Dosgi.bundles.defaultStartLevel=4 -Declipse.product=org.eclipse.jdt.ls.core.product -Djava.import.generatesMetadataFilesAtProjectRoot=false -Dfile.encoding=utf8 -XX:+UseParallelGC -XX:GCTimeRatio=4 -XX:AdaptiveSizePolicyWeight=90 -Dsun.zip.disableMemoryMapping=true -Xmx1G -Xms100m -Xlog:disable -javaagent:c:\Users\IFTM\.vscode\extensions\redhat.java-1.16.0-win32-x64\lombok\lombok-1.18.24.jar 
java_command: c:\Users\IFTM\.vscode\extensions\redhat.java-1.16.0-win32-x64\server\plugins\org.eclipse.equinox.launcher_1.6.400.v20210924-0641.jar -configuration c:\Users\IFTM\AppData\Roaming\Code\User\globalStorage\redhat.java\1.16.0\config_ss_win -data c:\Users\IFTM\AppData\Roaming\Code\User\workspaceStorage\8c270b6e5f51d8c61f2e40e7c2ed84b2\redhat.java\ss_ws
java_class_path (initial): c:\Users\IFTM\.vscode\extensions\redhat.java-1.16.0-win32-x64\server\plugins\org.eclipse.equinox.launcher_1.6.400.v20210924-0641.jar
Launcher Type: SUN_STANDARD

[Global flags]
    uintx AdaptiveSizePolicyWeight                 = 90                                        {product} {command line}
     intx CICompilerCount                          = 4                                         {product} {ergonomic}
    uintx GCTimeRatio                              = 4                                         {product} {command line}
   size_t InitialHeapSize                          = 104857600                                 {product} {command line}
   size_t MaxHeapSize                              = 1073741824                                {product} {command line}
   size_t MaxNewSize                               = 357564416                                 {product} {ergonomic}
   size_t MinHeapDeltaBytes                        = 524288                                    {product} {ergonomic}
   size_t MinHeapSize                              = 104857600                                 {product} {command line}
   size_t NewSize                                  = 34603008                                  {product} {ergonomic}
    uintx NonNMethodCodeHeapSize                   = 5839372                                {pd product} {ergonomic}
    uintx NonProfiledCodeHeapSize                  = 122909434                              {pd product} {ergonomic}
   size_t OldSize                                  = 70254592                                  {product} {ergonomic}
    uintx ProfiledCodeHeapSize                     = 122909434                              {pd product} {ergonomic}
    uintx ReservedCodeCacheSize                    = 251658240                              {pd product} {ergonomic}
     bool SegmentedCodeCache                       = true                                      {product} {ergonomic}
   size_t SoftMaxHeapSize                          = 1073741824                             {manageable} {ergonomic}
     bool UseCompressedClassPointers               = true                           {product lp64_product} {ergonomic}
     bool UseCompressedOops                        = true                           {product lp64_product} {ergonomic}
     bool UseLargePagesIndividualAllocation        = false                                  {pd product} {ergonomic}
     bool UseParallelGC                            = true                                      {product} {command line}

Logging:
Log output configuration:
 #0: stdout all=off uptime,level,tags
 #1: stderr all=off uptime,level,tags

Environment Variables:
JAVA_HOME=C:\Program Files\Java\jdk1.8.0_111
PATH=C:\ProgramData\Oracle\Java\javapath;C:\Program Files (x86)\Common Files\Oracle\Java\javapath;C:\WINDOWS\system32;C:\WINDOWS;C:\WINDOWS\System32\Wbem;C:\WINDOWS\System32\WindowsPowerShell\v1.0\;C:\WINDOWS\System32\OpenSSH\;C:\Program Files\Microsoft VS Code\bin;C:\Program Files\dotnet\;C:\Program Files\Shield\;C:\Users\IFTM\AppData\Local\Programs\Python\Python39\Scripts\;C:\Users\IFTM\AppData\Local\Programs\Python\Python39\;C:\Users\IFTM\AppData\Local\Microsoft\WindowsApps;C:\Program Files\JetBrains\PyCharm Community Edition 2021.2\bin
USERNAME=IFTM
OS=Windows_NT
PROCESSOR_IDENTIFIER=Intel64 Family 6 Model 165 Stepping 3, GenuineIntel
TMP=C:\Users\IFTM\AppData\Local\Temp
TEMP=C:\Users\IFTM\AppData\Local\Temp



---------------  S Y S T E M  ---------------

OS:
 Windows 11 , 64 bit Build 22621 (10.0.22621.1105)
OS uptime: 0 days 1:15 hours

CPU: total 8 (initial active 8) (4 cores per cpu, 2 threads per core) family 6 model 165 stepping 3 microcode 0xf0, cx8, cmov, fxsr, ht, mmx, 3dnowpref, sse, sse2, sse3, ssse3, sse4.1, sse4.2, popcnt, lzcnt, tsc, tscinvbit, avx, avx2, aes, erms, clmul, bmi1, bmi2, adx, fma, vzeroupper, clflush, clflushopt

Memory: 4k page, system-wide physical 16131M (1099M free)
TotalPageFile size 33718M (AvailPageFile size 0M)
current process WorkingSet (physical memory assigned to process): 52M, peak: 52M
current process commit charge ("private bytes"): 194M, peak: 194M

vm_info: OpenJDK 64-Bit Server VM (17.0.6+10) for windows-amd64 JRE (17.0.6+10), built on Jan 18 2023 10:08:59 by "temurin" with MS VC++ 16.7 (VS2019)

END.
