#
# There is insufficient memory for the Java Runtime Environment to continue.
# Native memory allocation (malloc) failed to allocate 32744 bytes for ChunkPool::allocate
# Possible reasons:
#   The system is out of physical RAM or swap space
#   The process is running with CompressedOops enabled, and the Java Heap may be blocking the growth of the native heap
# Possible solutions:
#   Reduce memory load on the system
#   Increase physical memory or swap space
#   Check if swap backing store is full
#   Decrease Java heap size (-Xmx/-Xms)
#   Decrease number of Java threads
#   Decrease Java thread stack sizes (-Xss)
#   Set larger code cache with -XX:ReservedCodeCacheSize=
#   JVM is running with Unscaled Compressed Oops mode in which the Java heap is
#     placed in the first 4GB address space. The Java Heap base address is the
#     maximum limit for the native heap growth. Please use -XX:HeapBaseMinAddress
#     to set the Java Heap base and to place the Java Heap above 4GB virtual address.
# This output file may be truncated or incomplete.
#
#  Out of Memory Error (arena.cpp:78), pid=7128, tid=2304
#
# JRE version: OpenJDK Runtime Environment Temurin-17.0.6+10 (17.0.6+10) (build 17.0.6+10)
# Java VM: OpenJDK 64-Bit Server VM Temurin-17.0.6+10 (17.0.6+10, mixed mode, tiered, compressed oops, compressed class ptrs, parallel gc, windows-amd64)
# No core dump will be written. Minidumps are not enabled by default on client versions of Windows
#

---------------  S U M M A R Y ------------

Command Line: --add-modules=ALL-SYSTEM --add-opens=java.base/java.util=ALL-UNNAMED --add-opens=java.base/java.lang=ALL-UNNAMED --add-opens=java.base/sun.nio.fs=ALL-UNNAMED -Declipse.application=org.eclipse.jdt.ls.core.id1 -Dosgi.bundles.defaultStartLevel=4 -Declipse.product=org.eclipse.jdt.ls.core.product -Djava.import.generatesMetadataFilesAtProjectRoot=false -Dfile.encoding=utf8 -XX:+UseParallelGC -XX:GCTimeRatio=4 -XX:AdaptiveSizePolicyWeight=90 -Dsun.zip.disableMemoryMapping=true -Xmx1G -Xms100m -Xlog:disable -javaagent:c:\Users\IFTM\.vscode\extensions\redhat.java-1.16.0-win32-x64\lombok\lombok-1.18.24.jar -XX:+HeapDumpOnOutOfMemoryError -XX:HeapDumpPath=c:\Users\IFTM\AppData\Roaming\Code\User\workspaceStorage\8c270b6e5f51d8c61f2e40e7c2ed84b2\redhat.java c:\Users\IFTM\.vscode\extensions\redhat.java-1.16.0-win32-x64\server\plugins\org.eclipse.equinox.launcher_1.6.400.v20210924-0641.jar -configuration c:\Users\IFTM\AppData\Roaming\Code\User\globalStorage\redhat.java\1.16.0\config_win -data c:\Users\IFTM\AppData\Roaming\Code\User\workspaceStorage\8c270b6e5f51d8c61f2e40e7c2ed84b2\redhat.java\jdt_ws

Host: Intel(R) Core(TM) i3-10100T CPU @ 3.00GHz, 8 cores, 15G,  Windows 11 , 64 bit Build 22621 (10.0.22621.1105)
Time: Mon Oct  2 20:35:49 2023 Hora oficial do Brasil elapsed time: 1.283806 seconds (0d 0h 0m 1s)

---------------  T H R E A D  ---------------

Current thread (0x000002027795e790):  JavaThread "C2 CompilerThread0" daemon [_thread_in_native, id=2304, stack(0x000000d20e700000,0x000000d20e800000)]


Current CompileTask:
C2:   1283  463       4       lombok.patcher.scripts.MethodLevelPatchScript::patch (21 bytes)

Stack: [0x000000d20e700000,0x000000d20e800000]
Native frames: (J=compiled Java code, j=interpreted, Vv=VM code, C=native code)
V  [jvm.dll+0x67741a]
V  [jvm.dll+0x834434]
V  [jvm.dll+0x835bde]
V  [jvm.dll+0x836243]
V  [jvm.dll+0x2457b5]
V  [jvm.dll+0xabd1c]
V  [jvm.dll+0xac0cc]
V  [jvm.dll+0x11e018]
V  [jvm.dll+0x6a07d1]
V  [jvm.dll+0x1bbe34]
V  [jvm.dll+0x218749]
V  [jvm.dll+0x217a11]
V  [jvm.dll+0x1a3d0d]
V  [jvm.dll+0x22742a]
V  [jvm.dll+0x225565]
V  [jvm.dll+0x7ea2cb]
V  [jvm.dll+0x7e483a]
V  [jvm.dll+0x6762c5]
C  [ucrtbase.dll+0x29363]
C  [KERNEL32.DLL+0x126bd]
C  [ntdll.dll+0x5dfb8]


---------------  P R O C E S S  ---------------

Threads class SMR info:
_java_thread_list=0x0000020277c5c760, length=13, elements={
0x000002027105db00, 0x000002027111adf0, 0x000002027111e4f0, 0x0000020275edbfc0,
0x0000020275edc980, 0x0000020277956860, 0x0000020277956d30, 0x000002027795e790,
0x0000020277960840, 0x0000020277961140, 0x0000020277958070, 0x0000020277958ee0,
0x0000020277c3b1e0
}

Java Threads: ( => current thread )
  0x000002027105db00 JavaThread "main" [_thread_in_vm, id=11300, stack(0x000000d20de00000,0x000000d20df00000)]
  0x000002027111adf0 JavaThread "Reference Handler" daemon [_thread_blocked, id=9908, stack(0x000000d20e100000,0x000000d20e200000)]
  0x000002027111e4f0 JavaThread "Finalizer" daemon [_thread_blocked, id=11904, stack(0x000000d20e200000,0x000000d20e300000)]
  0x0000020275edbfc0 JavaThread "Signal Dispatcher" daemon [_thread_blocked, id=7240, stack(0x000000d20e300000,0x000000d20e400000)]
  0x0000020275edc980 JavaThread "Attach Listener" daemon [_thread_blocked, id=2040, stack(0x000000d20e400000,0x000000d20e500000)]
  0x0000020277956860 JavaThread "Service Thread" daemon [_thread_blocked, id=11028, stack(0x000000d20e500000,0x000000d20e600000)]
  0x0000020277956d30 JavaThread "Monitor Deflation Thread" daemon [_thread_blocked, id=5532, stack(0x000000d20e600000,0x000000d20e700000)]
=>0x000002027795e790 JavaThread "C2 CompilerThread0" daemon [_thread_in_native, id=2304, stack(0x000000d20e700000,0x000000d20e800000)]
  0x0000020277960840 JavaThread "C1 CompilerThread0" daemon [_thread_blocked, id=11244, stack(0x000000d20e800000,0x000000d20e900000)]
  0x0000020277961140 JavaThread "Sweeper thread" daemon [_thread_blocked, id=11260, stack(0x000000d20e900000,0x000000d20ea00000)]
  0x0000020277958070 JavaThread "Common-Cleaner" daemon [_thread_blocked, id=9404, stack(0x000000d20ea00000,0x000000d20eb00000)]
  0x0000020277958ee0 JavaThread "Notification Thread" daemon [_thread_blocked, id=13732, stack(0x000000d20eb00000,0x000000d20ec00000)]
  0x0000020277c3b1e0 JavaThread "C2 CompilerThread1" daemon [_thread_in_native, id=13956, stack(0x000000d20ed00000,0x000000d20ee00000)]

Other Threads:
  0x0000020275ecf990 VMThread "VM Thread" [stack: 0x000000d20e000000,0x000000d20e100000] [id=10544]
  0x00000202788f0b40 WatcherThread [stack: 0x000000d20ec00000,0x000000d20ed00000] [id=8464]
  0x0000020271072950 GCTaskThread "GC Thread#0" [stack: 0x000000d20df00000,0x000000d20e000000] [id=4932]

Threads with active compile tasks:
C2 CompilerThread0     1334  463       4       lombok.patcher.scripts.MethodLevelPatchScript::patch (21 bytes)
C2 CompilerThread1     1334  485       4       lombok.patcher.PatchScript::classMatches (41 bytes)

VM state: not at safepoint (normal execution)

VM Mutex/Monitor currently owned by a thread:  ([mutex/lock_event])
[0x00000202710575d0] Metaspace_lock - owner thread: 0x000002027105db00

Heap address: 0x00000000c0000000, size: 1024 MB, Compressed Oops mode: 32-bit

CDS archive(s) not mapped
Compressed class space mapped at: 0x0000000100000000-0x0000000140000000, reserved size: 1073741824
Narrow klass base: 0x0000000000000000, Narrow klass shift: 3, Narrow klass range: 0x140000000

GC Precious Log:
 CPUs: 8 total, 8 available
 Memory: 16131M
 Large Page Support: Disabled
 NUMA Support: Disabled
 Compressed Oops: Enabled (32-bit)
 Alignments: Space 512K, Generation 512K, Heap 2M
 Heap Min Capacity: 100M
 Heap Initial Capacity: 100M
 Heap Max Capacity: 1G
 Pre-touch: Disabled
 Parallel Workers: 8

Heap:
 PSYoungGen      total 29696K, used 10850K [0x00000000eab00000, 0x00000000ecc00000, 0x0000000100000000)
  eden space 25600K, 42% used [0x00000000eab00000,0x00000000eb598888,0x00000000ec400000)
  from space 4096K, 0% used [0x00000000ec800000,0x00000000ec800000,0x00000000ecc00000)
  to   space 4096K, 0% used [0x00000000ec400000,0x00000000ec400000,0x00000000ec800000)
 ParOldGen       total 68608K, used 0K [0x00000000c0000000, 0x00000000c4300000, 0x00000000eab00000)
  object space 68608K, 0% used [0x00000000c0000000,0x00000000c0000000,0x00000000c4300000)
 Metaspace       used 8218K, committed 8320K, reserved 1056768K
  class space    used 804K, committed 896K, reserved 1048576K

Card table byte_map: [0x0000020270a00000,0x0000020270c10000] _byte_map_base: 0x0000020270400000

Marking Bits: (ParMarkBitMap*) 0x00007ffb4f593e70
 Begin Bits: [0x0000020273ce0000, 0x0000020274ce0000)
 End Bits:   [0x0000020274ce0000, 0x0000020275ce0000)

Polling page: 0x000002026f010000

Metaspace:

Usage:
  Non-class:      7.24 MB used.
      Class:    804.66 KB used.
       Both:      8.03 MB used.

Virtual space:
  Non-class space:        8.00 MB reserved,       7.25 MB ( 91%) committed,  1 nodes.
      Class space:        1.00 GB reserved,     896.00 KB ( <1%) committed,  1 nodes.
             Both:        1.01 GB reserved,       8.12 MB ( <1%) committed. 

Chunk freelists:
   Non-Class:  0 bytes
       Class:  3.09 MB
        Both:  3.09 MB

MaxMetaspaceSize: unlimited
CompressedClassSpaceSize: 1.00 GB
Initial GC threshold: 21.00 MB
Current GC threshold: 21.00 MB
CDS: off
MetaspaceReclaimPolicy: balanced
 - commit_granule_bytes: 65536.
 - commit_granule_words: 8192.
 - virtual_space_node_default_size: 1048576.
 - enlarge_chunks_in_place: 1.
 - new_chunks_are_fully_committed: 0.
 - uncommit_free_chunks: 1.
 - use_allocation_guard: 0.
 - handle_deallocations: 1.


Internal statistics:

num_allocs_failed_limit: 0.
num_arena_births: 10.
num_arena_deaths: 0.
num_vsnodes_births: 2.
num_vsnodes_deaths: 0.
num_space_committed: 130.
num_space_uncommitted: 0.
num_chunks_returned_to_freelist: 0.
num_chunks_taken_from_freelist: 38.
num_chunk_merges: 0.
num_chunk_splits: 20.
num_chunks_enlarged: 17.
num_purges: 0.
num_inconsistent_stats: 0.

CodeHeap 'non-profiled nmethods': size=120000Kb used=163Kb max_used=163Kb free=119836Kb
 bounds [0x0000020207ad0000, 0x0000020207d40000, 0x000002020f000000]
CodeHeap 'profiled nmethods': size=120000Kb used=669Kb max_used=669Kb free=119330Kb
 bounds [0x0000020200000000, 0x0000020200270000, 0x0000020207530000]
CodeHeap 'non-nmethods': size=5760Kb used=1127Kb max_used=1140Kb free=4632Kb
 bounds [0x0000020207530000, 0x00000202077a0000, 0x0000020207ad0000]
 total_blobs=904 nmethods=489 adapters=330
 compilation: enabled
              stopped_count=0, restarted_count=0
 full_count=0

Compilation events (20 events):
Event: 1.260 Thread 0x0000020277c3b1e0 nmethod 470 0x0000020207af7990 code [0x0000020207af7b00, 0x0000020207af7b78]
Event: 1.260 Thread 0x0000020277c3b1e0  472       4       java.lang.CharacterDataLatin1::digit (32 bytes)
Event: 1.261 Thread 0x0000020277c3b1e0 nmethod 472 0x0000020207af7c90 code [0x0000020207af7e20, 0x0000020207af7f18]
Event: 1.261 Thread 0x0000020277c3b1e0  474       4       java.lang.Character::digit (6 bytes)
Event: 1.262 Thread 0x0000020277c3b1e0 nmethod 474 0x0000020207af8010 code [0x0000020207af81a0, 0x0000020207af82b8]
Event: 1.262 Thread 0x0000020277c3b1e0  469       4       java.lang.StringLatin1::newString (24 bytes)
Event: 1.265 Thread 0x0000020277c3b1e0 nmethod 469 0x0000020207af8410 code [0x0000020207af85a0, 0x0000020207af8998]
Event: 1.265 Thread 0x0000020277c3b1e0  485       4       lombok.patcher.PatchScript::classMatches (41 bytes)
Event: 1.271 Thread 0x0000020277960840  486       3       java.lang.Byte::<init> (10 bytes)
Event: 1.271 Thread 0x0000020277960840 nmethod 486 0x00000202000a5d10 code [0x00000202000a5ec0, 0x00000202000a6098]
Event: 1.272 Thread 0x0000020277960840  487       3       java.lang.reflect.Modifier::isPublic (12 bytes)
Event: 1.272 Thread 0x0000020277960840 nmethod 487 0x00000202000a6190 code [0x00000202000a6320, 0x00000202000a6478]
Event: 1.273 Thread 0x0000020277960840  488  s    3       java.io.ByteArrayOutputStream::write (32 bytes)
Event: 1.273 Thread 0x0000020277960840 nmethod 488 0x00000202000a6510 code [0x00000202000a66c0, 0x00000202000a6908]
Event: 1.278 Thread 0x0000020277960840  489       3       java.lang.reflect.Modifier::isProtected (12 bytes)
Event: 1.278 Thread 0x0000020277960840 nmethod 489 0x00000202000a6a10 code [0x00000202000a6ba0, 0x00000202000a6cf8]
Event: 1.278 Thread 0x0000020277960840  490       3       java.lang.Enum::equals (11 bytes)
Event: 1.278 Thread 0x0000020277960840 nmethod 490 0x00000202000a6d90 code [0x00000202000a6f20, 0x00000202000a7098]
Event: 1.281 Thread 0x0000020277960840  492       3       java.lang.invoke.MemberName::initResolved (53 bytes)
Event: 1.281 Thread 0x0000020277960840 nmethod 492 0x00000202000a7110 code [0x00000202000a72a0, 0x00000202000a7418]

GC Heap History (0 events):
No events

Dll operation events (8 events):
Event: 0.415 Loaded shared library c:\Users\IFTM\.vscode\extensions\redhat.java-1.16.0-win32-x64\jre\17.0.6-win32-x86_64\bin\java.dll
Event: 0.698 Loaded shared library c:\Users\IFTM\.vscode\extensions\redhat.java-1.16.0-win32-x64\jre\17.0.6-win32-x86_64\bin\zip.dll
Event: 0.701 Loaded shared library C:\Users\IFTM\.vscode\extensions\redhat.java-1.16.0-win32-x64\jre\17.0.6-win32-x86_64\bin\instrument.dll
Event: 0.765 Loaded shared library C:\Users\IFTM\.vscode\extensions\redhat.java-1.16.0-win32-x64\jre\17.0.6-win32-x86_64\bin\net.dll
Event: 0.812 Loaded shared library C:\Users\IFTM\.vscode\extensions\redhat.java-1.16.0-win32-x64\jre\17.0.6-win32-x86_64\bin\nio.dll
Event: 0.818 Loaded shared library C:\Users\IFTM\.vscode\extensions\redhat.java-1.16.0-win32-x64\jre\17.0.6-win32-x86_64\bin\zip.dll
Event: 0.834 Loaded shared library C:\Users\IFTM\.vscode\extensions\redhat.java-1.16.0-win32-x64\jre\17.0.6-win32-x86_64\bin\jimage.dll
Event: 0.908 Loaded shared library c:\Users\IFTM\.vscode\extensions\redhat.java-1.16.0-win32-x64\jre\17.0.6-win32-x86_64\bin\verify.dll

Deoptimization events (20 events):
Event: 1.211 Thread 0x000002027105db00 Uncommon trap: trap_request=0xffffffde fr.pc=0x0000020207af0044 relative=0x0000000000000124
Event: 1.211 Thread 0x000002027105db00 Uncommon trap: reason=class_check action=maybe_recompile pc=0x0000020207af0044 method=jdk.internal.misc.Unsafe.allocateUninitializedArray(Ljava/lang/Class;I)Ljava/lang/Object; @ 51 c2
Event: 1.211 Thread 0x000002027105db00 DEOPT PACKING pc=0x0000020207af0044 sp=0x000000d20defbe60
Event: 1.211 Thread 0x000002027105db00 DEOPT UNPACKING pc=0x00000202075866a3 sp=0x000000d20defbde8 mode 2
Event: 1.211 Thread 0x000002027105db00 Uncommon trap: trap_request=0xffffffde fr.pc=0x0000020207af0044 relative=0x0000000000000124
Event: 1.211 Thread 0x000002027105db00 Uncommon trap: reason=class_check action=maybe_recompile pc=0x0000020207af0044 method=jdk.internal.misc.Unsafe.allocateUninitializedArray(Ljava/lang/Class;I)Ljava/lang/Object; @ 51 c2
Event: 1.211 Thread 0x000002027105db00 DEOPT PACKING pc=0x0000020207af0044 sp=0x000000d20defbe60
Event: 1.211 Thread 0x000002027105db00 DEOPT UNPACKING pc=0x00000202075866a3 sp=0x000000d20defbde8 mode 2
Event: 1.211 Thread 0x000002027105db00 Uncommon trap: trap_request=0xffffffde fr.pc=0x0000020207af0044 relative=0x0000000000000124
Event: 1.211 Thread 0x000002027105db00 Uncommon trap: reason=class_check action=maybe_recompile pc=0x0000020207af0044 method=jdk.internal.misc.Unsafe.allocateUninitializedArray(Ljava/lang/Class;I)Ljava/lang/Object; @ 51 c2
Event: 1.211 Thread 0x000002027105db00 DEOPT PACKING pc=0x0000020207af0044 sp=0x000000d20defbea0
Event: 1.211 Thread 0x000002027105db00 DEOPT UNPACKING pc=0x00000202075866a3 sp=0x000000d20defbe28 mode 2
Event: 1.229 Thread 0x000002027105db00 Uncommon trap: trap_request=0xffffff45 fr.pc=0x0000020207ae3dc4 relative=0x00000000000000c4
Event: 1.229 Thread 0x000002027105db00 Uncommon trap: reason=unstable_if action=reinterpret pc=0x0000020207ae3dc4 method=java.net.URI.match(CJJ)Z @ 45 c2
Event: 1.229 Thread 0x000002027105db00 DEOPT PACKING pc=0x0000020207ae3dc4 sp=0x000000d20defc9a0
Event: 1.229 Thread 0x000002027105db00 DEOPT UNPACKING pc=0x00000202075866a3 sp=0x000000d20defc928 mode 2
Event: 1.243 Thread 0x000002027105db00 Uncommon trap: trap_request=0xffffff45 fr.pc=0x0000020207af4ddc relative=0x000000000000067c
Event: 1.243 Thread 0x000002027105db00 Uncommon trap: reason=unstable_if action=reinterpret pc=0x0000020207af4ddc method=java.lang.String.replace(Ljava/lang/CharSequence;Ljava/lang/CharSequence;)Ljava/lang/String; @ 48 c2
Event: 1.243 Thread 0x000002027105db00 DEOPT PACKING pc=0x0000020207af4ddc sp=0x000000d20defc920
Event: 1.243 Thread 0x000002027105db00 DEOPT UNPACKING pc=0x00000202075866a3 sp=0x000000d20defc8a0 mode 2

Classes unloaded (0 events):
No events

Classes redefined (0 events):
No events

Internal exceptions (2 events):
Event: 0.674 Thread 0x000002027105db00 Exception <a 'java/lang/NoSuchMethodError'{0x00000000eacb24e8}: 'void java.lang.invoke.DirectMethodHandle$Holder.invokeStatic(java.lang.Object, java.lang.Object, java.lang.Object)'> (0x00000000eacb24e8) 
thrown [s\src\hotspot\share\interpreter\linkResolver.cpp, line 759]
Event: 0.924 Thread 0x000002027105db00 Exception <a 'java/lang/reflect/InvocationTargetException'{0x00000000eaf783b8}> (0x00000000eaf783b8) 
thrown [s\src\hotspot\share\runtime\reflection.cpp, line 1121]

VM Operations (4 events):
Event: 0.678 Executing VM operation: HandshakeAllThreads
Event: 0.678 Executing VM operation: HandshakeAllThreads done
Event: 0.850 Executing VM operation: HandshakeAllThreads
Event: 0.850 Executing VM operation: HandshakeAllThreads done

Events (20 events):
Event: 1.277 loading class java/lang/invoke/VarHandleByteArrayAsInts$ByteArrayViewVarHandle
Event: 1.278 loading class java/lang/invoke/VarHandleByteArrayAsInts$ByteArrayViewVarHandle done
Event: 1.278 loading class java/lang/invoke/VarHandleByteArrayAsInts$ArrayHandle done
Event: 1.278 loading class java/lang/ArrayIndexOutOfBoundsException
Event: 1.278 loading class java/lang/IndexOutOfBoundsException
Event: 1.278 loading class java/lang/IndexOutOfBoundsException done
Event: 1.278 loading class java/lang/ArrayIndexOutOfBoundsException done
Event: 1.278 loading class java/lang/invoke/VarHandleByteArrayAsInts
Event: 1.278 loading class java/lang/invoke/VarHandleByteArrayBase
Event: 1.278 loading class java/lang/invoke/VarHandleByteArrayBase done
Event: 1.278 loading class java/lang/invoke/VarHandleByteArrayAsInts done
Event: 1.279 loading class java/lang/invoke/VarHandleByteArrayAsLongs$ArrayHandle
Event: 1.279 loading class java/lang/invoke/VarHandleByteArrayAsLongs$ByteArrayViewVarHandle
Event: 1.279 loading class java/lang/invoke/VarHandleByteArrayAsLongs$ByteArrayViewVarHandle done
Event: 1.279 loading class java/lang/invoke/VarHandleByteArrayAsLongs$ArrayHandle done
Event: 1.279 loading class java/lang/invoke/VarHandleByteArrayAsLongs
Event: 1.279 loading class java/lang/invoke/VarHandleByteArrayAsLongs done
Event: 1.280 loading class java/lang/invoke/VarHandle$AccessDescriptor
Event: 1.281 loading class java/lang/invoke/VarHandle$AccessDescriptor done
Event: 1.281 loading class java/lang/invoke/VarHandle$TypesAndInvokers


Dynamic libraries:
0x00007ff733630000 - 0x00007ff73363e000 	c:\Users\IFTM\.vscode\extensions\redhat.java-1.16.0-win32-x64\jre\17.0.6-win32-x86_64\bin\java.exe
0x00007ffb981b0000 - 0x00007ffb983c4000 	C:\WINDOWS\SYSTEM32\ntdll.dll
0x00007ffb967a0000 - 0x00007ffb96863000 	C:\WINDOWS\System32\KERNEL32.DLL
0x00007ffb95970000 - 0x00007ffb95d0d000 	C:\WINDOWS\System32\KERNELBASE.dll
0x00007ffb95690000 - 0x00007ffb957a1000 	C:\WINDOWS\System32\ucrtbase.dll
0x00007ffb90fe0000 - 0x00007ffb90ff7000 	c:\Users\IFTM\.vscode\extensions\redhat.java-1.16.0-win32-x64\jre\17.0.6-win32-x86_64\bin\jli.dll
0x00007ffb95fa0000 - 0x00007ffb9614d000 	C:\WINDOWS\System32\USER32.dll
0x00007ffb958d0000 - 0x00007ffb958f6000 	C:\WINDOWS\System32\win32u.dll
0x00007ffb97180000 - 0x00007ffb971a9000 	C:\WINDOWS\System32\GDI32.dll
0x00007ffb957b0000 - 0x00007ffb958c2000 	C:\WINDOWS\System32\gdi32full.dll
0x00007ffb95f00000 - 0x00007ffb95f9a000 	C:\WINDOWS\System32\msvcp_win.dll
0x00007ffb8eb20000 - 0x00007ffb8eb39000 	c:\Users\IFTM\.vscode\extensions\redhat.java-1.16.0-win32-x64\jre\17.0.6-win32-x86_64\bin\VCRUNTIME140.dll
0x00007ffb8e850000 - 0x00007ffb8eade000 	C:\WINDOWS\WinSxS\amd64_microsoft.windows.common-controls_6595b64144ccf1df_6.0.22621.608_none_a9444ca7c10bb01d\COMCTL32.dll
0x00007ffb96670000 - 0x00007ffb96717000 	C:\WINDOWS\System32\msvcrt.dll
0x00007ffb96150000 - 0x00007ffb96182000 	C:\WINDOWS\System32\IMM32.DLL
0x00007ffb90fd0000 - 0x00007ffb90fdc000 	c:\Users\IFTM\.vscode\extensions\redhat.java-1.16.0-win32-x64\jre\17.0.6-win32-x86_64\bin\vcruntime140_1.dll
0x00007ffb7a0f0000 - 0x00007ffb7a181000 	c:\Users\IFTM\.vscode\extensions\redhat.java-1.16.0-win32-x64\jre\17.0.6-win32-x86_64\bin\msvcp140.dll
0x00007ffb4ea10000 - 0x00007ffb4f657000 	c:\Users\IFTM\.vscode\extensions\redhat.java-1.16.0-win32-x64\jre\17.0.6-win32-x86_64\bin\server\jvm.dll
0x00007ffb962e0000 - 0x00007ffb9638e000 	C:\WINDOWS\System32\ADVAPI32.dll
0x00007ffb96bb0000 - 0x00007ffb96c54000 	C:\WINDOWS\System32\sechost.dll
0x00007ffb96880000 - 0x00007ffb96995000 	C:\WINDOWS\System32\RPCRT4.dll
0x00007ffb83520000 - 0x00007ffb83554000 	C:\WINDOWS\SYSTEM32\WINMM.dll
0x00007ffb8ddd0000 - 0x00007ffb8ddda000 	C:\WINDOWS\SYSTEM32\VERSION.dll
0x00007ffb81ac0000 - 0x00007ffb81ac9000 	C:\WINDOWS\SYSTEM32\WSOCK32.dll
0x00007ffb96720000 - 0x00007ffb96791000 	C:\WINDOWS\System32\ws2_32.DLL
0x00007ffb94620000 - 0x00007ffb94638000 	C:\WINDOWS\SYSTEM32\kernel.appcore.dll
0x00007ffb8d490000 - 0x00007ffb8d49a000 	c:\Users\IFTM\.vscode\extensions\redhat.java-1.16.0-win32-x64\jre\17.0.6-win32-x86_64\bin\jimage.dll
0x00007ffb87ba0000 - 0x00007ffb87dce000 	C:\WINDOWS\SYSTEM32\DBGHELP.DLL
0x00007ffb96d50000 - 0x00007ffb970da000 	C:\WINDOWS\System32\combase.dll
0x00007ffb969a0000 - 0x00007ffb96a77000 	C:\WINDOWS\System32\OLEAUT32.dll
0x00007ffb8d830000 - 0x00007ffb8d862000 	C:\WINDOWS\SYSTEM32\dbgcore.DLL
0x00007ffb95d10000 - 0x00007ffb95d8b000 	C:\WINDOWS\System32\bcryptPrimitives.dll
0x00007ffb8d480000 - 0x00007ffb8d48e000 	c:\Users\IFTM\.vscode\extensions\redhat.java-1.16.0-win32-x64\jre\17.0.6-win32-x86_64\bin\instrument.dll
0x00007ffb8d390000 - 0x00007ffb8d3b5000 	c:\Users\IFTM\.vscode\extensions\redhat.java-1.16.0-win32-x64\jre\17.0.6-win32-x86_64\bin\java.dll
0x00007ffb82680000 - 0x00007ffb82698000 	c:\Users\IFTM\.vscode\extensions\redhat.java-1.16.0-win32-x64\jre\17.0.6-win32-x86_64\bin\zip.dll
0x00007ffb97210000 - 0x00007ffb979ff000 	C:\WINDOWS\System32\SHELL32.dll
0x00007ffb935f0000 - 0x00007ffb93eb8000 	C:\WINDOWS\SYSTEM32\windows.storage.dll
0x00007ffb934b0000 - 0x00007ffb935ee000 	C:\WINDOWS\SYSTEM32\wintypes.dll
0x00007ffb963b0000 - 0x00007ffb964a1000 	C:\WINDOWS\System32\SHCORE.dll
0x00007ffb96cf0000 - 0x00007ffb96d4e000 	C:\WINDOWS\System32\shlwapi.dll
0x00007ffb95500000 - 0x00007ffb95521000 	C:\WINDOWS\SYSTEM32\profapi.dll
0x00007ffb82660000 - 0x00007ffb82679000 	C:\Users\IFTM\.vscode\extensions\redhat.java-1.16.0-win32-x64\jre\17.0.6-win32-x86_64\bin\net.dll
0x00007ffb8f600000 - 0x00007ffb8f72f000 	C:\WINDOWS\SYSTEM32\WINHTTP.dll
0x00007ffb94a90000 - 0x00007ffb94af9000 	C:\WINDOWS\system32\mswsock.dll
0x00007ffb82550000 - 0x00007ffb82565000 	C:\Users\IFTM\.vscode\extensions\redhat.java-1.16.0-win32-x64\jre\17.0.6-win32-x86_64\bin\nio.dll
0x00007ffb8d450000 - 0x00007ffb8d460000 	c:\Users\IFTM\.vscode\extensions\redhat.java-1.16.0-win32-x64\jre\17.0.6-win32-x86_64\bin\verify.dll

dbghelp: loaded successfully - version: 4.0.5 - missing functions: none
symbol engine: initialized successfully - sym options: 0x614 - pdb path: .;c:\Users\IFTM\.vscode\extensions\redhat.java-1.16.0-win32-x64\jre\17.0.6-win32-x86_64\bin;C:\WINDOWS\SYSTEM32;C:\WINDOWS\WinSxS\amd64_microsoft.windows.common-controls_6595b64144ccf1df_6.0.22621.608_none_a9444ca7c10bb01d;c:\Users\IFTM\.vscode\extensions\redhat.java-1.16.0-win32-x64\jre\17.0.6-win32-x86_64\bin\server

VM Arguments:
jvm_args: --add-modules=ALL-SYSTEM --add-opens=java.base/java.util=ALL-UNNAMED --add-opens=java.base/java.lang=ALL-UNNAMED --add-opens=java.base/sun.nio.fs=ALL-UNNAMED -Declipse.application=org.eclipse.jdt.ls.core.id1 -Dosgi.bundles.defaultStartLevel=4 -Declipse.product=org.eclipse.jdt.ls.core.product -Djava.import.generatesMetadataFilesAtProjectRoot=false -Dfile.encoding=utf8 -XX:+UseParallelGC -XX:GCTimeRatio=4 -XX:AdaptiveSizePolicyWeight=90 -Dsun.zip.disableMemoryMapping=true -Xmx1G -Xms100m -Xlog:disable -javaagent:c:\Users\IFTM\.vscode\extensions\redhat.java-1.16.0-win32-x64\lombok\lombok-1.18.24.jar -XX:+HeapDumpOnOutOfMemoryError -XX:HeapDumpPath=c:\Users\IFTM\AppData\Roaming\Code\User\workspaceStorage\8c270b6e5f51d8c61f2e40e7c2ed84b2\redhat.java 
java_command: c:\Users\IFTM\.vscode\extensions\redhat.java-1.16.0-win32-x64\server\plugins\org.eclipse.equinox.launcher_1.6.400.v20210924-0641.jar -configuration c:\Users\IFTM\AppData\Roaming\Code\User\globalStorage\redhat.java\1.16.0\config_win -data c:\Users\IFTM\AppData\Roaming\Code\User\workspaceStorage\8c270b6e5f51d8c61f2e40e7c2ed84b2\redhat.java\jdt_ws
java_class_path (initial): c:\Users\IFTM\.vscode\extensions\redhat.java-1.16.0-win32-x64\server\plugins\org.eclipse.equinox.launcher_1.6.400.v20210924-0641.jar
Launcher Type: SUN_STANDARD

[Global flags]
    uintx AdaptiveSizePolicyWeight                 = 90                                        {product} {command line}
     intx CICompilerCount                          = 4                                         {product} {ergonomic}
    uintx GCTimeRatio                              = 4                                         {product} {command line}
     bool HeapDumpOnOutOfMemoryError               = true                                   {manageable} {command line}
    ccstr HeapDumpPath                             = c:\Users\IFTM\AppData\Roaming\Code\User\workspaceStorage\8c270b6e5f51d8c61f2e40e7c2ed84b2\redhat.java         {manageable} {command line}
   size_t InitialHeapSize                          = 104857600                                 {product} {command line}
   size_t MaxHeapSize                              = 1073741824                                {product} {command line}
   size_t MaxNewSize                               = 357564416                                 {product} {ergonomic}
   size_t MinHeapDeltaBytes                        = 524288                                    {product} {ergonomic}
   size_t MinHeapSize                              = 104857600                                 {product} {command line}
   size_t NewSize                                  = 34603008                                  {product} {ergonomic}
    uintx NonNMethodCodeHeapSize                   = 5839372                                {pd product} {ergonomic}
    uintx NonProfiledCodeHeapSize                  = 122909434                              {pd product} {ergonomic}
   size_t OldSize                                  = 70254592                                  {product} {ergonomic}
    uintx ProfiledCodeHeapSize                     = 122909434                              {pd product} {ergonomic}
    uintx ReservedCodeCacheSize                    = 251658240                              {pd product} {ergonomic}
     bool SegmentedCodeCache                       = true                                      {product} {ergonomic}
   size_t SoftMaxHeapSize                          = 1073741824                             {manageable} {ergonomic}
     bool UseCompressedClassPointers               = true                           {product lp64_product} {ergonomic}
     bool UseCompressedOops                        = true                           {product lp64_product} {ergonomic}
     bool UseLargePagesIndividualAllocation        = false                                  {pd product} {ergonomic}
     bool UseParallelGC                            = true                                      {product} {command line}

Logging:
Log output configuration:
 #0: stdout all=off uptime,level,tags
 #1: stderr all=off uptime,level,tags

Environment Variables:
JAVA_HOME=C:\Program Files\Java\jdk1.8.0_111
PATH=C:\ProgramData\Oracle\Java\javapath;C:\Program Files (x86)\Common Files\Oracle\Java\javapath;C:\WINDOWS\system32;C:\WINDOWS;C:\WINDOWS\System32\Wbem;C:\WINDOWS\System32\WindowsPowerShell\v1.0\;C:\WINDOWS\System32\OpenSSH\;C:\Program Files\Microsoft VS Code\bin;C:\Program Files\dotnet\;C:\Program Files\Shield\;C:\Users\IFTM\AppData\Local\Programs\Python\Python39\Scripts\;C:\Users\IFTM\AppData\Local\Programs\Python\Python39\;C:\Users\IFTM\AppData\Local\Microsoft\WindowsApps;C:\Program Files\JetBrains\PyCharm Community Edition 2021.2\bin
USERNAME=IFTM
OS=Windows_NT
PROCESSOR_IDENTIFIER=Intel64 Family 6 Model 165 Stepping 3, GenuineIntel
TMP=C:\Users\IFTM\AppData\Local\Temp
TEMP=C:\Users\IFTM\AppData\Local\Temp



---------------  S Y S T E M  ---------------

OS:
 Windows 11 , 64 bit Build 22621 (10.0.22621.1105)
OS uptime: 0 days 1:15 hours

CPU: total 8 (initial active 8) (4 cores per cpu, 2 threads per core) family 6 model 165 stepping 3 microcode 0xf0, cx8, cmov, fxsr, ht, mmx, 3dnowpref, sse, sse2, sse3, ssse3, sse4.1, sse4.2, popcnt, lzcnt, tsc, tscinvbit, avx, avx2, aes, erms, clmul, bmi1, bmi2, adx, fma, vzeroupper, clflush, clflushopt

Memory: 4k page, system-wide physical 16131M (1099M free)
TotalPageFile size 33718M (AvailPageFile size 0M)
current process WorkingSet (physical memory assigned to process): 51M, peak: 51M
current process commit charge ("private bytes"): 194M, peak: 194M

vm_info: OpenJDK 64-Bit Server VM (17.0.6+10) for windows-amd64 JRE (17.0.6+10), built on Jan 18 2023 10:08:59 by "temurin" with MS VC++ 16.7 (VS2019)

END.
